2024-11-19 21:25:10,787 - rasa.core.processor - INFO - Loading model models/20241119-211951-convoluted-puddle.tar.gz...
2024-11-19 21:25:18,868 - rasa.shared.utils.common - WARNING - The UnexpecTED Intent Policy is currently experimental and might change or be removed in the future 🔬 Please share your feedback on it in the forum (https://forum.rasa.com) to help us make this feature ready for production.
2024-11-19 21:31:40,767 - rasa.cli.utils - DEBUG - Parameter 'credentials' not set. Using default location 'credentials.yml' instead.
2024-11-19 21:31:43,078 - rasa.core.utils - DEBUG - Available web server routes: 
/conversations/<conversation_id:path>/messages     POST                           add_message
/conversations/<conversation_id:path>/tracker/events POST                           append_events
/webhooks/rasa                                     GET                            custom_webhook_RasaChatInput.health
/webhooks/rasa/webhook                             POST                           custom_webhook_RasaChatInput.receive
/webhooks/rest                                     GET                            custom_webhook_RestInput.health
/webhooks/rest/webhook                             POST                           custom_webhook_RestInput.receive
/model/test/intents                                POST                           evaluate_intents
/model/test/stories                                POST                           evaluate_stories
/conversations/<conversation_id:path>/execute      POST                           execute_action
/domain                                            GET                            get_domain
/                                                  GET                            hello
/model                                             PUT                            load_model
/model/parse                                       POST                           parse
/conversations/<conversation_id:path>/predict      POST                           predict
/conversations/<conversation_id:path>/tracker/events PUT                            replace_events
/conversations/<conversation_id:path>/story        GET                            retrieve_story
/conversations/<conversation_id:path>/tracker      GET                            retrieve_tracker
/status                                            GET                            status
/model/predict                                     POST                           tracker_predict
/model/train                                       POST                           train
/conversations/<conversation_id:path>/trigger_intent POST                           trigger_intent
/model                                             DELETE                         unload_model
/version                                           GET                            version
2024-11-19 21:31:43,078 - rasa.core.utils - DEBUG - Using the default number of Sanic workers (1).
2024-11-19 21:31:43,393 - rasa.telemetry - DEBUG - Skipping telemetry reporting: no license hash found.
2024-11-19 21:31:43,420 - rasa.core.tracker_store - DEBUG - Connected to InMemoryTrackerStore.
2024-11-19 21:31:43,420 - rasa.core.lock_store - DEBUG - Connected to lock store 'InMemoryLockStore'.
2024-11-19 21:31:43,420 - rasa.core.nlg.generator - DEBUG - Instantiated NLG to 'TemplatedNaturalLanguageGenerator'.
2024-11-19 21:31:43,420 - rasa.core.processor - INFO - Loading model models/20241119-211951-convoluted-puddle.tar.gz...
2024-11-19 21:31:43,695 - rasa.engine.storage.local_model_storage - DEBUG - Extracted model to '/var/folders/py/98gtrcb11rg66nkt71z6ddmm0000gp/T/tmpexzv5gm5'.
2024-11-19 21:31:43,697 - rasa.engine.graph - DEBUG - Node 'nlu_message_converter' loading 'NLUMessageConverter.load' and kwargs: '{}'.
2024-11-19 21:31:43,698 - rasa.engine.graph - DEBUG - Node 'run_WhitespaceTokenizer0' loading 'WhitespaceTokenizer.load' and kwargs: '{}'.
2024-11-19 21:31:43,699 - rasa.engine.graph - DEBUG - Node 'run_RegexFeaturizer1' loading 'RegexFeaturizer.load' and kwargs: '{}'.
2024-11-19 21:31:43,699 - rasa.engine.storage.local_model_storage - DEBUG - Resource 'train_RegexFeaturizer1' was requested for reading.
2024-11-19 21:31:43,699 - rasa.engine.graph - DEBUG - Node 'run_LexicalSyntacticFeaturizer2' loading 'LexicalSyntacticFeaturizer.load' and kwargs: '{}'.
2024-11-19 21:31:43,699 - rasa.engine.storage.local_model_storage - DEBUG - Resource 'train_LexicalSyntacticFeaturizer2' was requested for reading.
2024-11-19 21:31:43,701 - rasa.engine.graph - DEBUG - Node 'run_CountVectorsFeaturizer3' loading 'CountVectorsFeaturizer.load' and kwargs: '{}'.
2024-11-19 21:31:43,701 - rasa.engine.storage.local_model_storage - DEBUG - Resource 'train_CountVectorsFeaturizer3' was requested for reading.
2024-11-19 21:31:43,701 - rasa.engine.graph - DEBUG - Node 'run_CountVectorsFeaturizer4' loading 'CountVectorsFeaturizer.load' and kwargs: '{}'.
2024-11-19 21:31:43,701 - rasa.engine.storage.local_model_storage - DEBUG - Resource 'train_CountVectorsFeaturizer4' was requested for reading.
2024-11-19 21:31:43,702 - rasa.engine.graph - DEBUG - Node 'run_DIETClassifier5' loading 'DIETClassifier.load' and kwargs: '{}'.
2024-11-19 21:31:43,702 - rasa.engine.storage.local_model_storage - DEBUG - Resource 'train_DIETClassifier5' was requested for reading.
2024-11-19 21:31:43,702 - rasa.utils.tensorflow.models - DEBUG - Loading the model from /var/folders/py/98gtrcb11rg66nkt71z6ddmm0000gp/T/tmpvm82chhn/train_DIETClassifier5/DIETClassifier.tf_model with finetune_mode=False...
2024-11-19 21:31:43,723 - rasa.nlu.classifiers.diet_classifier - DEBUG - You specified 'DIET' to train entities, but no entities are present in the training data. Skipping training of entities.
2024-11-19 21:31:43,736 - rasa.nlu.classifiers.diet_classifier - DEBUG - Following metrics will be logged during training: 
2024-11-19 21:31:43,736 - rasa.nlu.classifiers.diet_classifier - DEBUG -   t_loss (total loss)
2024-11-19 21:31:43,736 - rasa.nlu.classifiers.diet_classifier - DEBUG -   i_acc (intent acc)
2024-11-19 21:31:43,736 - rasa.nlu.classifiers.diet_classifier - DEBUG -   i_loss (intent loss)
2024-11-19 21:31:47,384 - rasa.utils.tensorflow.models - DEBUG - Finished loading the model.
2024-11-19 21:31:47,384 - rasa.engine.graph - DEBUG - Node 'run_EntitySynonymMapper6' loading 'EntitySynonymMapper.load' and kwargs: '{}'.
2024-11-19 21:31:47,384 - rasa.engine.storage.local_model_storage - DEBUG - Resource 'train_EntitySynonymMapper6' was requested for reading.
2024-11-19 21:31:47,384 - rasa.nlu.extractors.entity_synonyms - DEBUG - Failed to load ABCMeta from model storage. Resource 'train_EntitySynonymMapper6' doesn't exist.
2024-11-19 21:31:47,384 - rasa.engine.graph - DEBUG - Node 'run_ResponseSelector7' loading 'ResponseSelector.load' and kwargs: '{}'.
2024-11-19 21:31:47,384 - rasa.engine.storage.local_model_storage - DEBUG - Resource 'train_ResponseSelector7' was requested for reading.
2024-11-19 21:31:47,384 - rasa.nlu.classifiers.diet_classifier - DEBUG - Failed to load ABCMeta from model storage. Resource 'train_ResponseSelector7' doesn't exist.
2024-11-19 21:31:47,384 - rasa.engine.storage.local_model_storage - DEBUG - Resource 'train_ResponseSelector7' was requested for reading.
2024-11-19 21:31:47,384 - rasa.nlu.selectors.response_selector - DEBUG - Failed to load ResponseSelector from model storage. Resource 'train_ResponseSelector7' doesn't exist.
2024-11-19 21:31:47,384 - rasa.engine.graph - DEBUG - Node 'run_FallbackClassifier8' loading 'FallbackClassifier.load' and kwargs: '{}'.
2024-11-19 21:31:47,385 - rasa.engine.graph - DEBUG - Node 'run_RegexMessageHandler' loading 'RegexMessageHandler.load' and kwargs: '{}'.
2024-11-19 21:31:47,385 - rasa.engine.graph - DEBUG - Node 'domain_provider' loading 'DomainProvider.load' and kwargs: '{}'.
2024-11-19 21:31:47,385 - rasa.engine.storage.local_model_storage - DEBUG - Resource 'domain_provider' was requested for reading.
2024-11-19 21:31:47,395 - rasa.engine.graph - DEBUG - Node 'run_MemoizationPolicy0' loading 'MemoizationPolicy.load' and kwargs: '{}'.
2024-11-19 21:31:47,395 - rasa.engine.storage.local_model_storage - DEBUG - Resource 'train_MemoizationPolicy0' was requested for reading.
2024-11-19 21:31:47,395 - rasa.engine.graph - DEBUG - Node 'run_RulePolicy1' loading 'RulePolicy.load' and kwargs: '{}'.
2024-11-19 21:31:47,396 - rasa.engine.storage.local_model_storage - DEBUG - Resource 'train_RulePolicy1' was requested for reading.
2024-11-19 21:31:47,396 - rasa.engine.graph - DEBUG - Node 'run_UnexpecTEDIntentPolicy2' loading 'UnexpecTEDIntentPolicy.load' and kwargs: '{}'.
2024-11-19 21:31:47,396 - rasa.engine.storage.local_model_storage - DEBUG - Resource 'train_UnexpecTEDIntentPolicy2' was requested for reading.
2024-11-19 21:31:47,396 - rasa.utils.tensorflow.models - DEBUG - Loading the model from /var/folders/py/98gtrcb11rg66nkt71z6ddmm0000gp/T/tmpvm82chhn/train_UnexpecTEDIntentPolicy2/unexpected_intent_policy.tf_model with finetune_mode=False...
2024-11-19 21:31:51,244 - rasa.utils.tensorflow.models - DEBUG - Finished loading the model.
2024-11-19 21:31:51,245 - rasa.shared.utils.common - WARNING - The UnexpecTED Intent Policy is currently experimental and might change or be removed in the future 🔬 Please share your feedback on it in the forum (https://forum.rasa.com) to help us make this feature ready for production.
2024-11-19 21:31:51,245 - rasa.engine.graph - DEBUG - Node 'run_TEDPolicy3' loading 'TEDPolicy.load' and kwargs: '{}'.
2024-11-19 21:31:51,245 - rasa.engine.storage.local_model_storage - DEBUG - Resource 'train_TEDPolicy3' was requested for reading.
2024-11-19 21:31:51,246 - rasa.utils.tensorflow.models - DEBUG - Loading the model from /var/folders/py/98gtrcb11rg66nkt71z6ddmm0000gp/T/tmpvm82chhn/train_TEDPolicy3/ted_policy.tf_model with finetune_mode=False...
2024-11-19 21:31:54,709 - rasa.utils.tensorflow.models - DEBUG - Finished loading the model.
2024-11-19 21:31:54,709 - rasa.engine.graph - DEBUG - Node 'rule_only_data_provider' loading 'RuleOnlyDataProvider.load' and kwargs: '{}'.
2024-11-19 21:31:54,709 - rasa.engine.storage.local_model_storage - DEBUG - Resource 'train_RulePolicy1' was requested for reading.
2024-11-19 21:31:54,709 - rasa.engine.graph - DEBUG - Node 'select_prediction' loading 'DefaultPolicyPredictionEnsemble.load' and kwargs: '{}'.
2024-11-19 21:32:05,547 - rasa.core.lock_store - DEBUG - Issuing ticket for conversation 'PractikumStudent'.
2024-11-19 21:32:05,547 - rasa.core.lock_store - DEBUG - Acquiring lock for conversation 'PractikumStudent'.
2024-11-19 21:32:05,547 - rasa.core.lock_store - DEBUG - Acquired lock for conversation 'PractikumStudent'.
2024-11-19 21:32:05,547 - rasa.core.tracker_store - DEBUG - Could not find tracker for conversation ID 'PractikumStudent'.
2024-11-19 21:32:05,547 - rasa.core.tracker_store - DEBUG - No event broker configured. Skipping streaming events.
2024-11-19 21:32:05,547 - rasa.core.processor - DEBUG - Starting a new session for conversation ID 'PractikumStudent'.
2024-11-19 21:32:05,550 - rasa.core.processor - DEBUG - [[32m[1mdebug    [0m] [1mprocessor.actions.policy_prediction[0m [36mprediction_events[0m=[35m[][0m
2024-11-19 21:32:05,550 - rasa.core.processor - DEBUG - [[32m[1mdebug    [0m] [1mprocessor.actions.log         [0m [36maction_name[0m=[35maction_session_start[0m [36mrasa_events[0m=[35m[<rasa.shared.core.events.SessionStarted object at 0x3499dd030>, ActionExecuted(action: action_listen, policy: None, confidence: None)][0m
2024-11-19 21:32:05,551 - rasa.core.processor - DEBUG - [[32m[1mdebug    [0m] [1mprocessor.slots.log           [0m [36mslot_values[0m=[35m	topic: None
	session_started_metadata: None[0m
2024-11-19 21:32:05,551 - rasa.engine.runner.dask - DEBUG - Running graph with inputs: {'__message__': [<rasa.core.channels.channel.UserMessage object at 0x34997fac0>], '__tracker__': <rasa.shared.core.trackers.DialogueStateTracker object at 0x34d666980>}, targets: ['run_RegexMessageHandler'] and ExecutionContext(model_id='76778505188a464da93231505e1dc5d1', should_add_diagnostic_data=False, is_finetuning=False, node_name=None).
2024-11-19 21:32:05,552 - rasa.engine.graph - DEBUG - Node 'nlu_message_converter' running 'NLUMessageConverter.convert_user_message'.
2024-11-19 21:32:05,552 - rasa.engine.graph - DEBUG - Node 'run_WhitespaceTokenizer0' running 'WhitespaceTokenizer.process'.
2024-11-19 21:32:05,553 - rasa.engine.graph - DEBUG - Node 'run_RegexFeaturizer1' running 'RegexFeaturizer.process'.
2024-11-19 21:32:05,553 - rasa.engine.graph - DEBUG - Node 'run_LexicalSyntacticFeaturizer2' running 'LexicalSyntacticFeaturizer.process'.
2024-11-19 21:32:05,554 - rasa.engine.graph - DEBUG - Node 'run_CountVectorsFeaturizer3' running 'CountVectorsFeaturizer.process'.
2024-11-19 21:32:05,555 - rasa.engine.graph - DEBUG - Node 'run_CountVectorsFeaturizer4' running 'CountVectorsFeaturizer.process'.
2024-11-19 21:32:05,555 - rasa.engine.graph - DEBUG - Node 'run_DIETClassifier5' running 'DIETClassifier.process'.
2024-11-19 21:32:05,702 - rasa.engine.graph - DEBUG - Node 'run_EntitySynonymMapper6' running 'EntitySynonymMapper.process'.
2024-11-19 21:32:05,702 - rasa.engine.graph - DEBUG - Node 'run_ResponseSelector7' running 'ResponseSelector.process'.
2024-11-19 21:32:05,702 - rasa.nlu.classifiers.diet_classifier - DEBUG - There is no trained model for 'ResponseSelector': The component is either not trained or didn't receive enough training data.
2024-11-19 21:32:05,702 - rasa.nlu.selectors.response_selector - DEBUG - Adding following selector key to message property: default
2024-11-19 21:32:05,702 - rasa.engine.graph - DEBUG - Node 'run_FallbackClassifier8' running 'FallbackClassifier.process'.
2024-11-19 21:32:05,702 - rasa.engine.graph - DEBUG - Node 'domain_provider' running 'DomainProvider.provide_inference'.
2024-11-19 21:32:05,702 - rasa.engine.graph - DEBUG - Node 'run_RegexMessageHandler' running 'RegexMessageHandler.process'.
2024-11-19 21:32:05,702 - rasa.core.processor - DEBUG - [[32m[1mdebug    [0m] [1mprocessor.message.parse       [0m [36mparse_data_entities[0m=[35m[][0m [36mparse_data_intent[0m=[35m{'name': 'greet', 'confidence': 0.9999995231628418}[0m [36mparse_data_text[0m=[35mпривет[0m
2024-11-19 21:32:05,702 - rasa.core.processor - DEBUG - Logged UserUtterance - tracker now has 4 events.
2024-11-19 21:32:05,704 - rasa.core.actions.action - DEBUG - Validating extracted slots: topic
2024-11-19 21:32:05,704 - rasa.core.processor - DEBUG - [[32m[1mdebug    [0m] [1mprocessor.extract.slots       [0m [36maction_extract_slot[0m=[35maction_extract_slots[0m [36mlen_extraction_events[0m=[35m1[0m [36mrasa_events[0m=[35m[SlotSet(key: topic, value: привет)][0m
2024-11-19 21:32:05,704 - rasa.engine.runner.dask - DEBUG - Running graph with inputs: {'__tracker__': <rasa.shared.core.trackers.DialogueStateTracker object at 0x34d666980>}, targets: ['select_prediction'] and ExecutionContext(model_id='76778505188a464da93231505e1dc5d1', should_add_diagnostic_data=False, is_finetuning=False, node_name=None).
2024-11-19 21:32:05,704 - rasa.engine.graph - DEBUG - Node 'rule_only_data_provider' running 'RuleOnlyDataProvider.provide'.
2024-11-19 21:32:05,704 - rasa.engine.graph - DEBUG - Node 'domain_provider' running 'DomainProvider.provide_inference'.
2024-11-19 21:32:05,705 - rasa.engine.graph - DEBUG - Node 'run_MemoizationPolicy0' running 'MemoizationPolicy.predict_action_probabilities'.
2024-11-19 21:32:05,705 - rasa.core.policies.memoization - DEBUG - [[32m[1mdebug    [0m] [1mmemoization.predict.actions   [0m [36mtracker_states[0m=[35m[{}, {'user': {'intent': 'greet'}, 'prev_action': {'action_name': 'action_listen'}}][0m
2024-11-19 21:32:05,705 - rasa.core.policies.memoization - DEBUG - There is a memorised next action 'utter_greet'
2024-11-19 21:32:05,705 - rasa.engine.graph - DEBUG - Node 'run_RulePolicy1' running 'RulePolicy.predict_action_probabilities'.
2024-11-19 21:32:05,705 - rasa.core.policies.rule_policy - DEBUG - [[32m[1mdebug    [0m] [1mrule_policy.actions.find      [0m [36mcurrent_states[0m=[35m
[state 1] user text: привет | previous action name: action_listen[0m
2024-11-19 21:32:05,705 - rasa.core.policies.rule_policy - DEBUG - There is no applicable rule.
2024-11-19 21:32:05,705 - rasa.core.policies.rule_policy - DEBUG - [[32m[1mdebug    [0m] [1mrule_policy.actions.find      [0m [36mcurrent_states[0m=[35m
[state 1] user intent: greet | previous action name: action_listen[0m
2024-11-19 21:32:05,705 - rasa.core.policies.rule_policy - DEBUG - There is a rule for the next action 'utter_greet'.
2024-11-19 21:32:05,705 - rasa.engine.graph - DEBUG - Node 'run_TEDPolicy3' running 'TEDPolicy.predict_action_probabilities'.
2024-11-19 21:32:05,707 - rasa.core.policies.ted_policy - DEBUG - TED predicted 'utter_greet' based on user intent.
2024-11-19 21:32:05,707 - rasa.engine.graph - DEBUG - Node 'run_UnexpecTEDIntentPolicy2' running 'UnexpecTEDIntentPolicy.predict_action_probabilities'.
2024-11-19 21:32:05,889 - rasa.core.policies.unexpected_intent_policy - DEBUG - Querying for intent `greet`.
2024-11-19 21:32:05,889 - rasa.core.policies.unexpected_intent_policy - DEBUG - Score for intent `greet` is `1.4870641231536865`, while threshold is `-2.09320068359375`.
2024-11-19 21:32:05,890 - rasa.core.policies.unexpected_intent_policy - DEBUG - Top 5 intents (in ascending order) that are likely here are: `[('deny', -1.888598), ('ask_architecture', -1.5971932), ('greet', 1.4870641), ('goodbye', 1.6706433), ('request_info', 1.8175751)]`.
2024-11-19 21:32:05,890 - rasa.engine.graph - DEBUG - Node 'select_prediction' running 'DefaultPolicyPredictionEnsemble.combine_predictions_from_kwargs'.
2024-11-19 21:32:05,890 - rasa.core.policies.ensemble - DEBUG - Made prediction using user intent.
2024-11-19 21:32:05,890 - rasa.core.policies.ensemble - DEBUG - Added `DefinePrevUserUtteredFeaturization(False)` event.
2024-11-19 21:32:05,890 - rasa.core.policies.ensemble - DEBUG - Predicted next action using RulePolicy.
2024-11-19 21:32:05,890 - rasa.core.processor - DEBUG - Predicted next action 'utter_greet' with confidence 1.00.
2024-11-19 21:32:05,890 - rasa.core.processor - DEBUG - [[32m[1mdebug    [0m] [1mprocessor.actions.policy_prediction[0m [36mprediction_events[0m=[35m[<rasa.shared.core.events.DefinePrevUserUtteredFeaturization object at 0x3499de7d0>][0m
2024-11-19 21:32:05,890 - rasa.core.processor - DEBUG - [[32m[1mdebug    [0m] [1mprocessor.actions.log         [0m [36maction_name[0m=[35mutter_greet[0m [36mrasa_events[0m=[35m[BotUttered('Привет! Чем могу помочь в области архитектуры программного обеспечения?', {"elements": null, "quick_replies": null, "buttons": null, "attachment": null, "image": null, "custom": null}, {"utter_action": "utter_greet"}, 1732026725.8907552)][0m
2024-11-19 21:32:05,891 - rasa.engine.runner.dask - DEBUG - Running graph with inputs: {'__tracker__': <rasa.shared.core.trackers.DialogueStateTracker object at 0x34d666980>}, targets: ['select_prediction'] and ExecutionContext(model_id='76778505188a464da93231505e1dc5d1', should_add_diagnostic_data=False, is_finetuning=False, node_name=None).
2024-11-19 21:32:05,891 - rasa.engine.graph - DEBUG - Node 'rule_only_data_provider' running 'RuleOnlyDataProvider.provide'.
2024-11-19 21:32:05,891 - rasa.engine.graph - DEBUG - Node 'domain_provider' running 'DomainProvider.provide_inference'.
2024-11-19 21:32:05,891 - rasa.engine.graph - DEBUG - Node 'run_MemoizationPolicy0' running 'MemoizationPolicy.predict_action_probabilities'.
2024-11-19 21:32:05,891 - rasa.core.policies.memoization - DEBUG - [[32m[1mdebug    [0m] [1mmemoization.predict.actions   [0m [36mtracker_states[0m=[35m[{}, {'user': {'intent': 'greet'}, 'prev_action': {'action_name': 'action_listen'}}, {'user': {'intent': 'greet'}, 'prev_action': {'action_name': 'utter_greet'}}][0m
2024-11-19 21:32:05,891 - rasa.core.policies.memoization - DEBUG - There is a memorised next action 'action_listen'
2024-11-19 21:32:05,891 - rasa.engine.graph - DEBUG - Node 'run_RulePolicy1' running 'RulePolicy.predict_action_probabilities'.
2024-11-19 21:32:05,891 - rasa.core.policies.rule_policy - DEBUG - [[32m[1mdebug    [0m] [1mrule_policy.actions.find      [0m [36mcurrent_states[0m=[35m
[state 1] user intent: greet | previous action name: action_listen
[state 2] user intent: greet | previous action name: utter_greet[0m
2024-11-19 21:32:05,891 - rasa.core.policies.rule_policy - DEBUG - There is a rule for the next action 'action_listen'.
2024-11-19 21:32:05,891 - rasa.engine.graph - DEBUG - Node 'run_TEDPolicy3' running 'TEDPolicy.predict_action_probabilities'.
2024-11-19 21:32:05,893 - rasa.core.policies.ted_policy - DEBUG - TED predicted 'action_listen' based on user intent.
2024-11-19 21:32:05,894 - rasa.engine.graph - DEBUG - Node 'run_UnexpecTEDIntentPolicy2' running 'UnexpecTEDIntentPolicy.predict_action_probabilities'.
2024-11-19 21:32:05,894 - rasa.core.policies.unexpected_intent_policy - DEBUG - Skipping predictions for UnexpecTEDIntentPolicy as either there is no event of type `UserUttered`, event's intent is new and not in domain or there is an event of type `ActionExecuted` after the last `UserUttered`.
2024-11-19 21:32:05,894 - rasa.engine.graph - DEBUG - Node 'select_prediction' running 'DefaultPolicyPredictionEnsemble.combine_predictions_from_kwargs'.
2024-11-19 21:32:05,894 - rasa.core.policies.ensemble - DEBUG - Predicted next action using RulePolicy.
2024-11-19 21:32:05,894 - rasa.core.processor - DEBUG - Predicted next action 'action_listen' with confidence 1.00.
2024-11-19 21:32:05,894 - rasa.core.processor - DEBUG - [[32m[1mdebug    [0m] [1mprocessor.actions.policy_prediction[0m [36mprediction_events[0m=[35m[][0m
2024-11-19 21:32:05,894 - rasa.core.processor - DEBUG - [[32m[1mdebug    [0m] [1mprocessor.actions.log         [0m [36maction_name[0m=[35maction_listen[0m [36mrasa_events[0m=[35m[][0m
2024-11-19 21:32:05,894 - rasa.core.tracker_store - DEBUG - No event broker configured. Skipping streaming events.
2024-11-19 21:32:05,894 - rasa.core.lock_store - DEBUG - Deleted lock for conversation 'PractikumStudent'.
2024-11-19 21:32:12,653 - rasa.core.lock_store - DEBUG - Issuing ticket for conversation 'PractikumStudent'.
2024-11-19 21:32:12,654 - rasa.core.lock_store - DEBUG - Acquiring lock for conversation 'PractikumStudent'.
2024-11-19 21:32:12,654 - rasa.core.lock_store - DEBUG - Acquired lock for conversation 'PractikumStudent'.
2024-11-19 21:32:12,654 - rasa.core.tracker_store - DEBUG - Recreating tracker for id 'PractikumStudent'
2024-11-19 21:32:12,656 - rasa.engine.runner.dask - DEBUG - Running graph with inputs: {'__message__': [<rasa.core.channels.channel.UserMessage object at 0x34993df90>], '__tracker__': <rasa.shared.core.trackers.DialogueStateTracker object at 0x30a0adcc0>}, targets: ['run_RegexMessageHandler'] and ExecutionContext(model_id='76778505188a464da93231505e1dc5d1', should_add_diagnostic_data=False, is_finetuning=False, node_name=None).
2024-11-19 21:32:12,657 - rasa.engine.graph - DEBUG - Node 'nlu_message_converter' running 'NLUMessageConverter.convert_user_message'.
2024-11-19 21:32:12,657 - rasa.engine.graph - DEBUG - Node 'run_WhitespaceTokenizer0' running 'WhitespaceTokenizer.process'.
2024-11-19 21:32:12,658 - rasa.engine.graph - DEBUG - Node 'run_RegexFeaturizer1' running 'RegexFeaturizer.process'.
2024-11-19 21:32:12,658 - rasa.engine.graph - DEBUG - Node 'run_LexicalSyntacticFeaturizer2' running 'LexicalSyntacticFeaturizer.process'.
2024-11-19 21:32:12,658 - rasa.engine.graph - DEBUG - Node 'run_CountVectorsFeaturizer3' running 'CountVectorsFeaturizer.process'.
2024-11-19 21:32:12,659 - rasa.engine.graph - DEBUG - Node 'run_CountVectorsFeaturizer4' running 'CountVectorsFeaturizer.process'.
2024-11-19 21:32:12,660 - rasa.engine.graph - DEBUG - Node 'run_DIETClassifier5' running 'DIETClassifier.process'.
2024-11-19 21:32:12,668 - rasa.engine.graph - DEBUG - Node 'run_EntitySynonymMapper6' running 'EntitySynonymMapper.process'.
2024-11-19 21:32:12,668 - rasa.engine.graph - DEBUG - Node 'run_ResponseSelector7' running 'ResponseSelector.process'.
2024-11-19 21:32:12,668 - rasa.nlu.classifiers.diet_classifier - DEBUG - There is no trained model for 'ResponseSelector': The component is either not trained or didn't receive enough training data.
2024-11-19 21:32:12,668 - rasa.nlu.selectors.response_selector - DEBUG - Adding following selector key to message property: default
2024-11-19 21:32:12,668 - rasa.engine.graph - DEBUG - Node 'run_FallbackClassifier8' running 'FallbackClassifier.process'.
2024-11-19 21:32:12,668 - rasa.engine.graph - DEBUG - Node 'domain_provider' running 'DomainProvider.provide_inference'.
2024-11-19 21:32:12,668 - rasa.engine.graph - DEBUG - Node 'run_RegexMessageHandler' running 'RegexMessageHandler.process'.
2024-11-19 21:32:12,669 - rasa.core.processor - DEBUG - [[32m[1mdebug    [0m] [1mprocessor.message.parse       [0m [36mparse_data_entities[0m=[35m[][0m [36mparse_data_intent[0m=[35m{'name': 'ask_architecture', 'confidence': 0.999981164932251}[0m [36mparse_data_text[0m=[35mчто ты знаешь про микросервисы?[0m
2024-11-19 21:32:12,669 - rasa.core.processor - DEBUG - Logged UserUtterance - tracker now has 10 events.
2024-11-19 21:32:12,669 - rasa.core.actions.action - DEBUG - Validating extracted slots: topic
2024-11-19 21:32:12,669 - rasa.core.processor - DEBUG - [[32m[1mdebug    [0m] [1mprocessor.extract.slots       [0m [36maction_extract_slot[0m=[35maction_extract_slots[0m [36mlen_extraction_events[0m=[35m1[0m [36mrasa_events[0m=[35m[SlotSet(key: topic, value: что ты знаешь про микросервисы?)][0m
2024-11-19 21:32:12,669 - rasa.engine.runner.dask - DEBUG - Running graph with inputs: {'__tracker__': <rasa.shared.core.trackers.DialogueStateTracker object at 0x30a0adcc0>}, targets: ['select_prediction'] and ExecutionContext(model_id='76778505188a464da93231505e1dc5d1', should_add_diagnostic_data=False, is_finetuning=False, node_name=None).
2024-11-19 21:32:12,670 - rasa.engine.graph - DEBUG - Node 'rule_only_data_provider' running 'RuleOnlyDataProvider.provide'.
2024-11-19 21:32:12,670 - rasa.engine.graph - DEBUG - Node 'domain_provider' running 'DomainProvider.provide_inference'.
2024-11-19 21:32:12,670 - rasa.engine.graph - DEBUG - Node 'run_MemoizationPolicy0' running 'MemoizationPolicy.predict_action_probabilities'.
2024-11-19 21:32:12,670 - rasa.core.policies.memoization - DEBUG - [[32m[1mdebug    [0m] [1mmemoization.predict.actions   [0m [36mtracker_states[0m=[35m[{}, {'user': {'intent': 'greet'}, 'prev_action': {'action_name': 'action_listen'}}, {'user': {'intent': 'greet'}, 'prev_action': {'action_name': 'utter_greet'}}, {'user': {'intent': 'ask_architecture'}, 'prev_action': {'action_name': 'action_listen'}}][0m
2024-11-19 21:32:12,671 - rasa.core.policies.memoization - DEBUG - There is a memorised next action 'utter_architecture_response'
2024-11-19 21:32:12,671 - rasa.engine.graph - DEBUG - Node 'run_RulePolicy1' running 'RulePolicy.predict_action_probabilities'.
2024-11-19 21:32:12,671 - rasa.core.policies.rule_policy - DEBUG - [[32m[1mdebug    [0m] [1mrule_policy.actions.find      [0m [36mcurrent_states[0m=[35m
[state 1] user intent: greet | previous action name: action_listen
[state 2] user intent: greet | previous action name: utter_greet
[state 3] user text: что ты знаешь про микросервисы? | previous action name: action_listen[0m
2024-11-19 21:32:12,671 - rasa.core.policies.rule_policy - DEBUG - There is no applicable rule.
2024-11-19 21:32:12,671 - rasa.core.policies.rule_policy - DEBUG - [[32m[1mdebug    [0m] [1mrule_policy.actions.find      [0m [36mcurrent_states[0m=[35m
[state 1] user intent: greet | previous action name: action_listen
[state 2] user intent: greet | previous action name: utter_greet
[state 3] user intent: ask_architecture | previous action name: action_listen[0m
2024-11-19 21:32:12,671 - rasa.core.policies.rule_policy - DEBUG - There is a rule for the next action 'utter_architecture_response'.
2024-11-19 21:32:12,671 - rasa.engine.graph - DEBUG - Node 'run_TEDPolicy3' running 'TEDPolicy.predict_action_probabilities'.
2024-11-19 21:32:12,676 - rasa.core.policies.ted_policy - DEBUG - TED predicted 'utter_architecture_response' based on user intent.
2024-11-19 21:32:12,676 - rasa.engine.graph - DEBUG - Node 'run_UnexpecTEDIntentPolicy2' running 'UnexpecTEDIntentPolicy.predict_action_probabilities'.
2024-11-19 21:32:12,679 - rasa.core.policies.unexpected_intent_policy - DEBUG - Querying for intent `ask_architecture`.
2024-11-19 21:32:12,679 - rasa.core.policies.unexpected_intent_policy - DEBUG - Score for intent `ask_architecture` is `1.8766990900039673`, while threshold is `-1.5971930027008057`.
2024-11-19 21:32:12,679 - rasa.core.policies.unexpected_intent_policy - DEBUG - Top 5 intents (in ascending order) that are likely here are: `[('affirm', -1.5952284), ('out_of_scope', -1.544488), ('session_start', -1.4749446), ('deny', -1.2797663), ('ask_architecture', 1.8766991)]`.
2024-11-19 21:32:12,679 - rasa.engine.graph - DEBUG - Node 'select_prediction' running 'DefaultPolicyPredictionEnsemble.combine_predictions_from_kwargs'.
2024-11-19 21:32:12,680 - rasa.core.policies.ensemble - DEBUG - Made prediction using user intent.
2024-11-19 21:32:12,680 - rasa.core.policies.ensemble - DEBUG - Added `DefinePrevUserUtteredFeaturization(False)` event.
2024-11-19 21:32:12,680 - rasa.core.policies.ensemble - DEBUG - Predicted next action using RulePolicy.
2024-11-19 21:32:12,680 - rasa.core.processor - DEBUG - Predicted next action 'utter_architecture_response' with confidence 1.00.
2024-11-19 21:32:12,680 - rasa.core.processor - DEBUG - [[32m[1mdebug    [0m] [1mprocessor.actions.policy_prediction[0m [36mprediction_events[0m=[35m[<rasa.shared.core.events.DefinePrevUserUtteredFeaturization object at 0x3499dddb0>][0m
2024-11-19 21:32:12,680 - rasa.core.processor - DEBUG - [[32m[1mdebug    [0m] [1mprocessor.actions.log         [0m [36maction_name[0m=[35mutter_architecture_response[0m [36mrasa_events[0m=[35m[BotUttered('Архитектура ПО включает выбор структур, которые обеспечивают масштабируемость, гибкость и поддерживаемость приложения. Задайте конкретный вопрос по этой теме, и я помогу вам с информацией.', {"elements": null, "quick_replies": null, "buttons": null, "attachment": null, "image": null, "custom": null}, {"utter_action": "utter_architecture_response"}, 1732026732.6805189)][0m
2024-11-19 21:32:12,680 - rasa.engine.runner.dask - DEBUG - Running graph with inputs: {'__tracker__': <rasa.shared.core.trackers.DialogueStateTracker object at 0x30a0adcc0>}, targets: ['select_prediction'] and ExecutionContext(model_id='76778505188a464da93231505e1dc5d1', should_add_diagnostic_data=False, is_finetuning=False, node_name=None).
2024-11-19 21:32:12,681 - rasa.engine.graph - DEBUG - Node 'rule_only_data_provider' running 'RuleOnlyDataProvider.provide'.
2024-11-19 21:32:12,681 - rasa.engine.graph - DEBUG - Node 'domain_provider' running 'DomainProvider.provide_inference'.
2024-11-19 21:32:12,681 - rasa.engine.graph - DEBUG - Node 'run_MemoizationPolicy0' running 'MemoizationPolicy.predict_action_probabilities'.
2024-11-19 21:32:12,681 - rasa.core.policies.memoization - DEBUG - [[32m[1mdebug    [0m] [1mmemoization.predict.actions   [0m [36mtracker_states[0m=[35m[{}, {'user': {'intent': 'greet'}, 'prev_action': {'action_name': 'action_listen'}}, {'user': {'intent': 'greet'}, 'prev_action': {'action_name': 'utter_greet'}}, {'user': {'intent': 'ask_architecture'}, 'prev_action': {'action_name': 'action_listen'}}, {'user': {'intent': 'ask_architecture'}, 'prev_action': {'action_name': 'utter_architecture_response'}}][0m
2024-11-19 21:32:12,681 - rasa.core.policies.memoization - DEBUG - There is a memorised next action 'action_listen'
2024-11-19 21:32:12,681 - rasa.engine.graph - DEBUG - Node 'run_RulePolicy1' running 'RulePolicy.predict_action_probabilities'.
2024-11-19 21:32:12,681 - rasa.core.policies.rule_policy - DEBUG - [[32m[1mdebug    [0m] [1mrule_policy.actions.find      [0m [36mcurrent_states[0m=[35m
[state 1] user intent: greet | previous action name: action_listen
[state 2] user intent: greet | previous action name: utter_greet
[state 3] user intent: ask_architecture | previous action name: action_listen
[state 4] user intent: ask_architecture | previous action name: utter_architecture_response[0m
2024-11-19 21:32:12,682 - rasa.core.policies.rule_policy - DEBUG - There is a rule for the next action 'action_listen'.
2024-11-19 21:32:12,682 - rasa.engine.graph - DEBUG - Node 'run_TEDPolicy3' running 'TEDPolicy.predict_action_probabilities'.
2024-11-19 21:32:12,685 - rasa.core.policies.ted_policy - DEBUG - TED predicted 'action_listen' based on user intent.
2024-11-19 21:32:12,685 - rasa.engine.graph - DEBUG - Node 'run_UnexpecTEDIntentPolicy2' running 'UnexpecTEDIntentPolicy.predict_action_probabilities'.
2024-11-19 21:32:12,685 - rasa.core.policies.unexpected_intent_policy - DEBUG - Skipping predictions for UnexpecTEDIntentPolicy as either there is no event of type `UserUttered`, event's intent is new and not in domain or there is an event of type `ActionExecuted` after the last `UserUttered`.
2024-11-19 21:32:12,685 - rasa.engine.graph - DEBUG - Node 'select_prediction' running 'DefaultPolicyPredictionEnsemble.combine_predictions_from_kwargs'.
2024-11-19 21:32:12,685 - rasa.core.policies.ensemble - DEBUG - Predicted next action using RulePolicy.
2024-11-19 21:32:12,685 - rasa.core.processor - DEBUG - Predicted next action 'action_listen' with confidence 1.00.
2024-11-19 21:32:12,685 - rasa.core.processor - DEBUG - [[32m[1mdebug    [0m] [1mprocessor.actions.policy_prediction[0m [36mprediction_events[0m=[35m[][0m
2024-11-19 21:32:12,686 - rasa.core.processor - DEBUG - [[32m[1mdebug    [0m] [1mprocessor.actions.log         [0m [36maction_name[0m=[35maction_listen[0m [36mrasa_events[0m=[35m[][0m
2024-11-19 21:32:12,686 - rasa.core.tracker_store - DEBUG - No event broker configured. Skipping streaming events.
2024-11-19 21:32:12,686 - rasa.core.lock_store - DEBUG - Deleted lock for conversation 'PractikumStudent'.
2024-11-19 21:32:22,751 - rasa.core.lock_store - DEBUG - Issuing ticket for conversation 'PractikumStudent'.
2024-11-19 21:32:22,752 - rasa.core.lock_store - DEBUG - Acquiring lock for conversation 'PractikumStudent'.
2024-11-19 21:32:22,752 - rasa.core.lock_store - DEBUG - Acquired lock for conversation 'PractikumStudent'.
2024-11-19 21:32:22,752 - rasa.core.tracker_store - DEBUG - Recreating tracker for id 'PractikumStudent'
2024-11-19 21:32:22,755 - rasa.engine.runner.dask - DEBUG - Running graph with inputs: {'__message__': [<rasa.core.channels.channel.UserMessage object at 0x34997f940>], '__tracker__': <rasa.shared.core.trackers.DialogueStateTracker object at 0x30a0adcc0>}, targets: ['run_RegexMessageHandler'] and ExecutionContext(model_id='76778505188a464da93231505e1dc5d1', should_add_diagnostic_data=False, is_finetuning=False, node_name=None).
2024-11-19 21:32:22,755 - rasa.engine.graph - DEBUG - Node 'nlu_message_converter' running 'NLUMessageConverter.convert_user_message'.
2024-11-19 21:32:22,756 - rasa.engine.graph - DEBUG - Node 'run_WhitespaceTokenizer0' running 'WhitespaceTokenizer.process'.
2024-11-19 21:32:22,756 - rasa.engine.graph - DEBUG - Node 'run_RegexFeaturizer1' running 'RegexFeaturizer.process'.
2024-11-19 21:32:22,756 - rasa.engine.graph - DEBUG - Node 'run_LexicalSyntacticFeaturizer2' running 'LexicalSyntacticFeaturizer.process'.
2024-11-19 21:32:22,757 - rasa.engine.graph - DEBUG - Node 'run_CountVectorsFeaturizer3' running 'CountVectorsFeaturizer.process'.
2024-11-19 21:32:22,758 - rasa.engine.graph - DEBUG - Node 'run_CountVectorsFeaturizer4' running 'CountVectorsFeaturizer.process'.
2024-11-19 21:32:22,758 - rasa.engine.graph - DEBUG - Node 'run_DIETClassifier5' running 'DIETClassifier.process'.
2024-11-19 21:32:22,766 - rasa.engine.graph - DEBUG - Node 'run_EntitySynonymMapper6' running 'EntitySynonymMapper.process'.
2024-11-19 21:32:22,766 - rasa.engine.graph - DEBUG - Node 'run_ResponseSelector7' running 'ResponseSelector.process'.
2024-11-19 21:32:22,766 - rasa.nlu.classifiers.diet_classifier - DEBUG - There is no trained model for 'ResponseSelector': The component is either not trained or didn't receive enough training data.
2024-11-19 21:32:22,766 - rasa.nlu.selectors.response_selector - DEBUG - Adding following selector key to message property: default
2024-11-19 21:32:22,766 - rasa.engine.graph - DEBUG - Node 'run_FallbackClassifier8' running 'FallbackClassifier.process'.
2024-11-19 21:32:22,766 - rasa.engine.graph - DEBUG - Node 'domain_provider' running 'DomainProvider.provide_inference'.
2024-11-19 21:32:22,766 - rasa.engine.graph - DEBUG - Node 'run_RegexMessageHandler' running 'RegexMessageHandler.process'.
2024-11-19 21:32:22,767 - rasa.core.processor - DEBUG - [[32m[1mdebug    [0m] [1mprocessor.message.parse       [0m [36mparse_data_entities[0m=[35m[][0m [36mparse_data_intent[0m=[35m{'name': 'ask_architecture', 'confidence': 0.9999977350234985}[0m [36mparse_data_text[0m=[35mчто такое микросервисы?[0m
2024-11-19 21:32:22,767 - rasa.core.processor - DEBUG - Logged UserUtterance - tracker now has 16 events.
2024-11-19 21:32:22,767 - rasa.core.actions.action - DEBUG - Validating extracted slots: topic
2024-11-19 21:32:22,767 - rasa.core.processor - DEBUG - [[32m[1mdebug    [0m] [1mprocessor.extract.slots       [0m [36maction_extract_slot[0m=[35maction_extract_slots[0m [36mlen_extraction_events[0m=[35m1[0m [36mrasa_events[0m=[35m[SlotSet(key: topic, value: что такое микросервисы?)][0m
2024-11-19 21:32:22,768 - rasa.engine.runner.dask - DEBUG - Running graph with inputs: {'__tracker__': <rasa.shared.core.trackers.DialogueStateTracker object at 0x30a0adcc0>}, targets: ['select_prediction'] and ExecutionContext(model_id='76778505188a464da93231505e1dc5d1', should_add_diagnostic_data=False, is_finetuning=False, node_name=None).
2024-11-19 21:32:22,768 - rasa.engine.graph - DEBUG - Node 'rule_only_data_provider' running 'RuleOnlyDataProvider.provide'.
2024-11-19 21:32:22,768 - rasa.engine.graph - DEBUG - Node 'domain_provider' running 'DomainProvider.provide_inference'.
2024-11-19 21:32:22,768 - rasa.engine.graph - DEBUG - Node 'run_MemoizationPolicy0' running 'MemoizationPolicy.predict_action_probabilities'.
2024-11-19 21:32:22,769 - rasa.core.policies.memoization - DEBUG - [[32m[1mdebug    [0m] [1mmemoization.predict.actions   [0m [36mtracker_states[0m=[35m[{}, {'user': {'intent': 'greet'}, 'prev_action': {'action_name': 'action_listen'}}, {'user': {'intent': 'greet'}, 'prev_action': {'action_name': 'utter_greet'}}, {'user': {'intent': 'ask_architecture'}, 'prev_action': {'action_name': 'action_listen'}}, {'user': {'intent': 'ask_architecture'}, 'prev_action': {'action_name': 'utter_architecture_response'}}, {'user': {'intent': 'ask_architecture'}, 'prev_action': {'action_name': 'action_listen'}}][0m
2024-11-19 21:32:22,769 - rasa.core.policies.memoization - DEBUG - There is no memorised next action
2024-11-19 21:32:22,769 - rasa.engine.graph - DEBUG - Node 'run_RulePolicy1' running 'RulePolicy.predict_action_probabilities'.
2024-11-19 21:32:22,769 - rasa.core.policies.rule_policy - DEBUG - [[32m[1mdebug    [0m] [1mrule_policy.actions.find      [0m [36mcurrent_states[0m=[35m
[state 1] user intent: greet | previous action name: action_listen
[state 2] user intent: greet | previous action name: utter_greet
[state 3] user intent: ask_architecture | previous action name: action_listen
[state 4] user intent: ask_architecture | previous action name: utter_architecture_response
[state 5] user text: что такое микросервисы? | previous action name: action_listen[0m
2024-11-19 21:32:22,769 - rasa.core.policies.rule_policy - DEBUG - There is no applicable rule.
2024-11-19 21:32:22,769 - rasa.core.policies.rule_policy - DEBUG - [[32m[1mdebug    [0m] [1mrule_policy.actions.find      [0m [36mcurrent_states[0m=[35m
[state 1] user intent: greet | previous action name: action_listen
[state 2] user intent: greet | previous action name: utter_greet
[state 3] user intent: ask_architecture | previous action name: action_listen
[state 4] user intent: ask_architecture | previous action name: utter_architecture_response
[state 5] user intent: ask_architecture | previous action name: action_listen[0m
2024-11-19 21:32:22,770 - rasa.core.policies.rule_policy - DEBUG - There is a rule for the next action 'utter_architecture_response'.
2024-11-19 21:32:22,770 - rasa.engine.graph - DEBUG - Node 'run_TEDPolicy3' running 'TEDPolicy.predict_action_probabilities'.
2024-11-19 21:32:22,775 - rasa.core.policies.ted_policy - DEBUG - TED predicted 'utter_architecture_response' based on user intent.
2024-11-19 21:32:22,775 - rasa.engine.graph - DEBUG - Node 'run_UnexpecTEDIntentPolicy2' running 'UnexpecTEDIntentPolicy.predict_action_probabilities'.
2024-11-19 21:32:22,779 - rasa.core.policies.unexpected_intent_policy - DEBUG - Querying for intent `ask_architecture`.
2024-11-19 21:32:22,779 - rasa.core.policies.unexpected_intent_policy - DEBUG - Score for intent `ask_architecture` is `-1.6867834329605103`, while threshold is `-1.5971930027008057`.
2024-11-19 21:32:22,779 - rasa.core.policies.unexpected_intent_policy - DEBUG - Top 5 intents (in ascending order) that are likely here are: `[('restart', -1.8365304), ('ask_architecture', -1.6867834), ('greet', 1.5861645), ('goodbye', 1.7589204), ('request_info', 1.919725)]`.
2024-11-19 21:32:22,779 - rasa.core.policies.unexpected_intent_policy - DEBUG - Intent `ask_architecture-1` unlikely to occur here.
2024-11-19 21:32:22,780 - rasa.engine.graph - DEBUG - Node 'select_prediction' running 'DefaultPolicyPredictionEnsemble.combine_predictions_from_kwargs'.
2024-11-19 21:32:22,780 - rasa.core.policies.ensemble - DEBUG - Made prediction using user intent.
2024-11-19 21:32:22,780 - rasa.core.policies.ensemble - DEBUG - Added `DefinePrevUserUtteredFeaturization(False)` event.
2024-11-19 21:32:22,780 - rasa.core.policies.ensemble - DEBUG - Predicted next action using RulePolicy.
2024-11-19 21:32:22,780 - rasa.core.processor - DEBUG - Predicted next action 'utter_architecture_response' with confidence 1.00.
2024-11-19 21:32:22,780 - rasa.core.processor - DEBUG - [[32m[1mdebug    [0m] [1mprocessor.actions.policy_prediction[0m [36mprediction_events[0m=[35m[<rasa.shared.core.events.DefinePrevUserUtteredFeaturization object at 0x3499ddbd0>][0m
2024-11-19 21:32:22,781 - rasa.core.processor - DEBUG - [[32m[1mdebug    [0m] [1mprocessor.actions.log         [0m [36maction_name[0m=[35mutter_architecture_response[0m [36mrasa_events[0m=[35m[BotUttered('Архитектура ПО включает выбор структур, которые обеспечивают масштабируемость, гибкость и поддерживаемость приложения. Задайте конкретный вопрос по этой теме, и я помогу вам с информацией.', {"elements": null, "quick_replies": null, "buttons": null, "attachment": null, "image": null, "custom": null}, {"utter_action": "utter_architecture_response"}, 1732026742.78087)][0m
2024-11-19 21:32:22,781 - rasa.engine.runner.dask - DEBUG - Running graph with inputs: {'__tracker__': <rasa.shared.core.trackers.DialogueStateTracker object at 0x30a0adcc0>}, targets: ['select_prediction'] and ExecutionContext(model_id='76778505188a464da93231505e1dc5d1', should_add_diagnostic_data=False, is_finetuning=False, node_name=None).
2024-11-19 21:32:22,781 - rasa.engine.graph - DEBUG - Node 'rule_only_data_provider' running 'RuleOnlyDataProvider.provide'.
2024-11-19 21:32:22,781 - rasa.engine.graph - DEBUG - Node 'domain_provider' running 'DomainProvider.provide_inference'.
2024-11-19 21:32:22,781 - rasa.engine.graph - DEBUG - Node 'run_MemoizationPolicy0' running 'MemoizationPolicy.predict_action_probabilities'.
2024-11-19 21:32:22,782 - rasa.core.policies.memoization - DEBUG - [[32m[1mdebug    [0m] [1mmemoization.predict.actions   [0m [36mtracker_states[0m=[35m[{}, {'user': {'intent': 'greet'}, 'prev_action': {'action_name': 'action_listen'}}, {'user': {'intent': 'greet'}, 'prev_action': {'action_name': 'utter_greet'}}, {'user': {'intent': 'ask_architecture'}, 'prev_action': {'action_name': 'action_listen'}}, {'user': {'intent': 'ask_architecture'}, 'prev_action': {'action_name': 'utter_architecture_response'}}, {'user': {'intent': 'ask_architecture'}, 'prev_action': {'action_name': 'action_listen'}}, {'user': {'intent': 'ask_architecture'}, 'prev_action': {'action_name': 'utter_architecture_response'}}][0m
2024-11-19 21:32:22,782 - rasa.core.policies.memoization - DEBUG - There is no memorised next action
2024-11-19 21:32:22,782 - rasa.engine.graph - DEBUG - Node 'run_RulePolicy1' running 'RulePolicy.predict_action_probabilities'.
2024-11-19 21:32:22,782 - rasa.core.policies.rule_policy - DEBUG - [[32m[1mdebug    [0m] [1mrule_policy.actions.find      [0m [36mcurrent_states[0m=[35m
[state 1] user intent: greet | previous action name: action_listen
[state 2] user intent: greet | previous action name: utter_greet
[state 3] user intent: ask_architecture | previous action name: action_listen
[state 4] user intent: ask_architecture | previous action name: utter_architecture_response
[state 5] user intent: ask_architecture | previous action name: action_listen
[state 6] user intent: ask_architecture | previous action name: utter_architecture_response[0m
2024-11-19 21:32:22,782 - rasa.core.policies.rule_policy - DEBUG - There is a rule for the next action 'action_listen'.
2024-11-19 21:32:22,782 - rasa.engine.graph - DEBUG - Node 'run_TEDPolicy3' running 'TEDPolicy.predict_action_probabilities'.
2024-11-19 21:32:22,786 - rasa.core.policies.ted_policy - DEBUG - TED predicted 'action_listen' based on user intent.
2024-11-19 21:32:22,786 - rasa.engine.graph - DEBUG - Node 'run_UnexpecTEDIntentPolicy2' running 'UnexpecTEDIntentPolicy.predict_action_probabilities'.
2024-11-19 21:32:22,786 - rasa.core.policies.unexpected_intent_policy - DEBUG - Skipping predictions for UnexpecTEDIntentPolicy as either there is no event of type `UserUttered`, event's intent is new and not in domain or there is an event of type `ActionExecuted` after the last `UserUttered`.
2024-11-19 21:32:22,786 - rasa.engine.graph - DEBUG - Node 'select_prediction' running 'DefaultPolicyPredictionEnsemble.combine_predictions_from_kwargs'.
2024-11-19 21:32:22,787 - rasa.core.policies.ensemble - DEBUG - Predicted next action using RulePolicy.
2024-11-19 21:32:22,787 - rasa.core.processor - DEBUG - Predicted next action 'action_listen' with confidence 1.00.
2024-11-19 21:32:22,787 - rasa.core.processor - DEBUG - [[32m[1mdebug    [0m] [1mprocessor.actions.policy_prediction[0m [36mprediction_events[0m=[35m[][0m
2024-11-19 21:32:22,787 - rasa.core.processor - DEBUG - [[32m[1mdebug    [0m] [1mprocessor.actions.log         [0m [36maction_name[0m=[35maction_listen[0m [36mrasa_events[0m=[35m[][0m
2024-11-19 21:32:22,787 - rasa.core.tracker_store - DEBUG - No event broker configured. Skipping streaming events.
2024-11-19 21:32:22,788 - rasa.core.lock_store - DEBUG - Deleted lock for conversation 'PractikumStudent'.
2024-11-19 21:32:31,622 - rasa.core.lock_store - DEBUG - Issuing ticket for conversation 'PractikumStudent'.
2024-11-19 21:32:31,622 - rasa.core.lock_store - DEBUG - Acquiring lock for conversation 'PractikumStudent'.
2024-11-19 21:32:31,622 - rasa.core.lock_store - DEBUG - Acquired lock for conversation 'PractikumStudent'.
2024-11-19 21:32:31,623 - rasa.core.tracker_store - DEBUG - Recreating tracker for id 'PractikumStudent'
2024-11-19 21:32:31,626 - rasa.engine.runner.dask - DEBUG - Running graph with inputs: {'__message__': [<rasa.core.channels.channel.UserMessage object at 0x34997f940>], '__tracker__': <rasa.shared.core.trackers.DialogueStateTracker object at 0x30a0adcc0>}, targets: ['run_RegexMessageHandler'] and ExecutionContext(model_id='76778505188a464da93231505e1dc5d1', should_add_diagnostic_data=False, is_finetuning=False, node_name=None).
2024-11-19 21:32:31,626 - rasa.engine.graph - DEBUG - Node 'nlu_message_converter' running 'NLUMessageConverter.convert_user_message'.
2024-11-19 21:32:31,627 - rasa.engine.graph - DEBUG - Node 'run_WhitespaceTokenizer0' running 'WhitespaceTokenizer.process'.
2024-11-19 21:32:31,627 - rasa.engine.graph - DEBUG - Node 'run_RegexFeaturizer1' running 'RegexFeaturizer.process'.
2024-11-19 21:32:31,627 - rasa.engine.graph - DEBUG - Node 'run_LexicalSyntacticFeaturizer2' running 'LexicalSyntacticFeaturizer.process'.
2024-11-19 21:32:31,627 - rasa.engine.graph - DEBUG - Node 'run_CountVectorsFeaturizer3' running 'CountVectorsFeaturizer.process'.
2024-11-19 21:32:31,628 - rasa.engine.graph - DEBUG - Node 'run_CountVectorsFeaturizer4' running 'CountVectorsFeaturizer.process'.
2024-11-19 21:32:31,629 - rasa.engine.graph - DEBUG - Node 'run_DIETClassifier5' running 'DIETClassifier.process'.
2024-11-19 21:32:31,637 - rasa.engine.graph - DEBUG - Node 'run_EntitySynonymMapper6' running 'EntitySynonymMapper.process'.
2024-11-19 21:32:31,637 - rasa.engine.graph - DEBUG - Node 'run_ResponseSelector7' running 'ResponseSelector.process'.
2024-11-19 21:32:31,637 - rasa.nlu.classifiers.diet_classifier - DEBUG - There is no trained model for 'ResponseSelector': The component is either not trained or didn't receive enough training data.
2024-11-19 21:32:31,637 - rasa.nlu.selectors.response_selector - DEBUG - Adding following selector key to message property: default
2024-11-19 21:32:31,637 - rasa.engine.graph - DEBUG - Node 'run_FallbackClassifier8' running 'FallbackClassifier.process'.
2024-11-19 21:32:31,637 - rasa.engine.graph - DEBUG - Node 'domain_provider' running 'DomainProvider.provide_inference'.
2024-11-19 21:32:31,638 - rasa.engine.graph - DEBUG - Node 'run_RegexMessageHandler' running 'RegexMessageHandler.process'.
2024-11-19 21:32:31,638 - rasa.core.processor - DEBUG - [[32m[1mdebug    [0m] [1mprocessor.message.parse       [0m [36mparse_data_entities[0m=[35m[][0m [36mparse_data_intent[0m=[35m{'name': 'request_info', 'confidence': 0.9333930015563965}[0m [36mparse_data_text[0m=[35mкак ее реализовать?[0m
2024-11-19 21:32:31,638 - rasa.core.processor - DEBUG - Logged UserUtterance - tracker now has 22 events.
2024-11-19 21:32:31,638 - rasa.core.actions.action - DEBUG - Validating extracted slots: topic
2024-11-19 21:32:31,639 - rasa.core.processor - DEBUG - [[32m[1mdebug    [0m] [1mprocessor.extract.slots       [0m [36maction_extract_slot[0m=[35maction_extract_slots[0m [36mlen_extraction_events[0m=[35m1[0m [36mrasa_events[0m=[35m[SlotSet(key: topic, value: как ее реализовать?)][0m
2024-11-19 21:32:31,639 - rasa.engine.runner.dask - DEBUG - Running graph with inputs: {'__tracker__': <rasa.shared.core.trackers.DialogueStateTracker object at 0x30a0adcc0>}, targets: ['select_prediction'] and ExecutionContext(model_id='76778505188a464da93231505e1dc5d1', should_add_diagnostic_data=False, is_finetuning=False, node_name=None).
2024-11-19 21:32:31,639 - rasa.engine.graph - DEBUG - Node 'rule_only_data_provider' running 'RuleOnlyDataProvider.provide'.
2024-11-19 21:32:31,639 - rasa.engine.graph - DEBUG - Node 'domain_provider' running 'DomainProvider.provide_inference'.
2024-11-19 21:32:31,639 - rasa.engine.graph - DEBUG - Node 'run_MemoizationPolicy0' running 'MemoizationPolicy.predict_action_probabilities'.
2024-11-19 21:32:31,639 - rasa.core.policies.memoization - DEBUG - [[32m[1mdebug    [0m] [1mmemoization.predict.actions   [0m [36mtracker_states[0m=[35m[{}, {'user': {'intent': 'greet'}, 'prev_action': {'action_name': 'action_listen'}}, {'user': {'intent': 'greet'}, 'prev_action': {'action_name': 'utter_greet'}}, {'user': {'intent': 'ask_architecture'}, 'prev_action': {'action_name': 'action_listen'}}, {'user': {'intent': 'ask_architecture'}, 'prev_action': {'action_name': 'utter_architecture_response'}}, {'user': {'intent': 'ask_architecture'}, 'prev_action': {'action_name': 'action_listen'}}, {'user': {'intent': 'ask_architecture'}, 'prev_action': {'action_name': 'utter_architecture_response'}}, {'user': {'intent': 'request_info'}, 'prev_action': {'action_name': 'action_listen'}}][0m
2024-11-19 21:32:31,640 - rasa.core.policies.memoization - DEBUG - There is no memorised next action
2024-11-19 21:32:31,640 - rasa.engine.graph - DEBUG - Node 'run_RulePolicy1' running 'RulePolicy.predict_action_probabilities'.
2024-11-19 21:32:31,640 - rasa.core.policies.rule_policy - DEBUG - [[32m[1mdebug    [0m] [1mrule_policy.actions.find      [0m [36mcurrent_states[0m=[35m
[state 1] user intent: greet | previous action name: action_listen
[state 2] user intent: greet | previous action name: utter_greet
[state 3] user intent: ask_architecture | previous action name: action_listen
[state 4] user intent: ask_architecture | previous action name: utter_architecture_response
[state 5] user intent: ask_architecture | previous action name: action_listen
[state 6] user intent: ask_architecture | previous action name: utter_architecture_response
[state 7] user text: как ее реализовать? | previous action name: action_listen[0m
2024-11-19 21:32:31,650 - rasa.core.policies.rule_policy - DEBUG - There is no applicable rule.
2024-11-19 21:32:31,653 - rasa.core.policies.rule_policy - DEBUG - [[32m[1mdebug    [0m] [1mrule_policy.actions.find      [0m [36mcurrent_states[0m=[35m
[state 1] user intent: greet | previous action name: action_listen
[state 2] user intent: greet | previous action name: utter_greet
[state 3] user intent: ask_architecture | previous action name: action_listen
[state 4] user intent: ask_architecture | previous action name: utter_architecture_response
[state 5] user intent: ask_architecture | previous action name: action_listen
[state 6] user intent: ask_architecture | previous action name: utter_architecture_response
[state 7] user intent: request_info | previous action name: action_listen[0m
2024-11-19 21:32:31,653 - rasa.core.policies.rule_policy - DEBUG - There is a rule for the next action 'utter_ask_more'.
2024-11-19 21:32:31,653 - rasa.engine.graph - DEBUG - Node 'run_TEDPolicy3' running 'TEDPolicy.predict_action_probabilities'.
2024-11-19 21:32:31,656 - rasa.core.policies.ted_policy - DEBUG - TED predicted 'utter_ask_more' based on user intent.
2024-11-19 21:32:31,656 - rasa.engine.graph - DEBUG - Node 'run_UnexpecTEDIntentPolicy2' running 'UnexpecTEDIntentPolicy.predict_action_probabilities'.
2024-11-19 21:32:31,659 - rasa.core.policies.unexpected_intent_policy - DEBUG - Querying for intent `request_info`.
2024-11-19 21:32:31,659 - rasa.core.policies.unexpected_intent_policy - DEBUG - Score for intent `request_info` is `1.9643511772155762`, while threshold is `-2.7391817569732666`.
2024-11-19 21:32:31,659 - rasa.core.policies.unexpected_intent_policy - DEBUG - Top 5 intents (in ascending order) that are likely here are: `[('restart', -1.8152581), ('ask_architecture', -1.7219565), ('greet', 1.6149681), ('goodbye', 1.7888502), ('request_info', 1.9643512)]`.
2024-11-19 21:32:31,659 - rasa.engine.graph - DEBUG - Node 'select_prediction' running 'DefaultPolicyPredictionEnsemble.combine_predictions_from_kwargs'.
2024-11-19 21:32:31,659 - rasa.core.policies.ensemble - DEBUG - Made prediction using user intent.
2024-11-19 21:32:31,659 - rasa.core.policies.ensemble - DEBUG - Added `DefinePrevUserUtteredFeaturization(False)` event.
2024-11-19 21:32:31,659 - rasa.core.policies.ensemble - DEBUG - Predicted next action using RulePolicy.
2024-11-19 21:32:31,659 - rasa.core.processor - DEBUG - Predicted next action 'utter_ask_more' with confidence 1.00.
2024-11-19 21:32:31,660 - rasa.core.processor - DEBUG - [[32m[1mdebug    [0m] [1mprocessor.actions.policy_prediction[0m [36mprediction_events[0m=[35m[<rasa.shared.core.events.DefinePrevUserUtteredFeaturization object at 0x3499deec0>][0m
2024-11-19 21:32:31,660 - rasa.core.processor - DEBUG - [[32m[1mdebug    [0m] [1mprocessor.actions.log         [0m [36maction_name[0m=[35mutter_ask_more[0m [36mrasa_events[0m=[35m[BotUttered('Что именно вас интересует в архитектуре программного обеспечения?', {"elements": null, "quick_replies": null, "buttons": null, "attachment": null, "image": null, "custom": null}, {"utter_action": "utter_ask_more"}, 1732026751.659981)][0m
2024-11-19 21:32:31,660 - rasa.engine.runner.dask - DEBUG - Running graph with inputs: {'__tracker__': <rasa.shared.core.trackers.DialogueStateTracker object at 0x30a0adcc0>}, targets: ['select_prediction'] and ExecutionContext(model_id='76778505188a464da93231505e1dc5d1', should_add_diagnostic_data=False, is_finetuning=False, node_name=None).
2024-11-19 21:32:31,660 - rasa.engine.graph - DEBUG - Node 'rule_only_data_provider' running 'RuleOnlyDataProvider.provide'.
2024-11-19 21:32:31,660 - rasa.engine.graph - DEBUG - Node 'domain_provider' running 'DomainProvider.provide_inference'.
2024-11-19 21:32:31,660 - rasa.engine.graph - DEBUG - Node 'run_MemoizationPolicy0' running 'MemoizationPolicy.predict_action_probabilities'.
2024-11-19 21:32:31,660 - rasa.core.policies.memoization - DEBUG - [[32m[1mdebug    [0m] [1mmemoization.predict.actions   [0m [36mtracker_states[0m=[35m[{}, {'user': {'intent': 'greet'}, 'prev_action': {'action_name': 'action_listen'}}, {'user': {'intent': 'greet'}, 'prev_action': {'action_name': 'utter_greet'}}, {'user': {'intent': 'ask_architecture'}, 'prev_action': {'action_name': 'action_listen'}}, {'user': {'intent': 'ask_architecture'}, 'prev_action': {'action_name': 'utter_architecture_response'}}, {'user': {'intent': 'ask_architecture'}, 'prev_action': {'action_name': 'action_listen'}}, {'user': {'intent': 'ask_architecture'}, 'prev_action': {'action_name': 'utter_architecture_response'}}, {'user': {'intent': 'request_info'}, 'prev_action': {'action_name': 'action_listen'}}, {'user': {'intent': 'request_info'}, 'prev_action': {'action_name': 'utter_ask_more'}}][0m
2024-11-19 21:32:31,660 - rasa.core.policies.memoization - DEBUG - There is no memorised next action
2024-11-19 21:32:31,660 - rasa.engine.graph - DEBUG - Node 'run_RulePolicy1' running 'RulePolicy.predict_action_probabilities'.
2024-11-19 21:32:31,661 - rasa.core.policies.rule_policy - DEBUG - [[32m[1mdebug    [0m] [1mrule_policy.actions.find      [0m [36mcurrent_states[0m=[35m
[state 1] user intent: greet | previous action name: action_listen
[state 2] user intent: greet | previous action name: utter_greet
[state 3] user intent: ask_architecture | previous action name: action_listen
[state 4] user intent: ask_architecture | previous action name: utter_architecture_response
[state 5] user intent: ask_architecture | previous action name: action_listen
[state 6] user intent: ask_architecture | previous action name: utter_architecture_response
[state 7] user intent: request_info | previous action name: action_listen
[state 8] user intent: request_info | previous action name: utter_ask_more[0m
2024-11-19 21:32:31,661 - rasa.core.policies.rule_policy - DEBUG - There is a rule for the next action 'action_listen'.
2024-11-19 21:32:31,661 - rasa.engine.graph - DEBUG - Node 'run_TEDPolicy3' running 'TEDPolicy.predict_action_probabilities'.
2024-11-19 21:32:31,663 - rasa.core.policies.ted_policy - DEBUG - TED predicted 'action_listen' based on user intent.
2024-11-19 21:32:31,663 - rasa.engine.graph - DEBUG - Node 'run_UnexpecTEDIntentPolicy2' running 'UnexpecTEDIntentPolicy.predict_action_probabilities'.
2024-11-19 21:32:31,663 - rasa.core.policies.unexpected_intent_policy - DEBUG - Skipping predictions for UnexpecTEDIntentPolicy as either there is no event of type `UserUttered`, event's intent is new and not in domain or there is an event of type `ActionExecuted` after the last `UserUttered`.
2024-11-19 21:32:31,663 - rasa.engine.graph - DEBUG - Node 'select_prediction' running 'DefaultPolicyPredictionEnsemble.combine_predictions_from_kwargs'.
2024-11-19 21:32:31,663 - rasa.core.policies.ensemble - DEBUG - Predicted next action using RulePolicy.
2024-11-19 21:32:31,664 - rasa.core.processor - DEBUG - Predicted next action 'action_listen' with confidence 1.00.
2024-11-19 21:32:31,664 - rasa.core.processor - DEBUG - [[32m[1mdebug    [0m] [1mprocessor.actions.policy_prediction[0m [36mprediction_events[0m=[35m[][0m
2024-11-19 21:32:31,664 - rasa.core.processor - DEBUG - [[32m[1mdebug    [0m] [1mprocessor.actions.log         [0m [36maction_name[0m=[35maction_listen[0m [36mrasa_events[0m=[35m[][0m
2024-11-19 21:32:31,664 - rasa.core.tracker_store - DEBUG - No event broker configured. Skipping streaming events.
2024-11-19 21:32:31,664 - rasa.core.lock_store - DEBUG - Deleted lock for conversation 'PractikumStudent'.
